<?xml version="1.0" encoding="UTF-8"?>
<!-- Generated by org.testng.reporters.JUnitReportReporter -->
<testsuite hostname="Crash" failures="0" tests="1" name="com.saucelab.TestCases.RegressionTestCase" time="1.565" errors="0" timestamp="2024-02-15T20:25:42 IST" skipped="0">
  <testcase classname="com.saucelab.TestCases.RegressionTestCase" name="TestCase" time="1.565"/>
</testsuite> <!-- com.saucelab.TestCases.RegressionTestCase -->
